2022-12-30 22:45:04,805 INFO o.a.j.u.JMeterUtils: Setting Locale to zh_CN
2022-12-30 22:45:04,821 INFO o.a.j.JMeter: Loading user properties from: user.properties
2022-12-30 22:45:04,830 INFO o.a.j.JMeter: Loading system properties from: system.properties
2022-12-30 22:45:04,835 INFO o.a.j.JMeter: Copyright (c) 1998-2022 The Apache Software Foundation
2022-12-30 22:45:04,835 INFO o.a.j.JMeter: Version 5.5
2022-12-30 22:45:04,835 INFO o.a.j.JMeter: java.version=19.0.1
2022-12-30 22:45:04,835 INFO o.a.j.JMeter: java.vm.name=Java HotSpot(TM) 64-Bit Server VM
2022-12-30 22:45:04,835 INFO o.a.j.JMeter: os.name=Mac OS X
2022-12-30 22:45:04,835 INFO o.a.j.JMeter: os.arch=aarch64
2022-12-30 22:45:04,836 INFO o.a.j.JMeter: os.version=13.1
2022-12-30 22:45:04,836 INFO o.a.j.JMeter: file.encoding=UTF-8
2022-12-30 22:45:04,836 INFO o.a.j.JMeter: java.awt.headless=null
2022-12-30 22:45:04,836 INFO o.a.j.JMeter: Max memory     =1073741824
2022-12-30 22:45:04,836 INFO o.a.j.JMeter: Available Processors =10
2022-12-30 22:45:04,842 INFO o.a.j.JMeter: Default Locale=English (EN)
2022-12-30 22:45:04,843 INFO o.a.j.JMeter: JMeter  Locale=Chinese (China)
2022-12-30 22:45:04,843 INFO o.a.j.JMeter: JMeterHome=/Users/riveryoyo/Downloads/apache-jmeter-5.5
2022-12-30 22:45:04,843 INFO o.a.j.JMeter: user.dir  =/Users/riveryoyo/Downloads/apache-jmeter-5.5/bin
2022-12-30 22:45:04,843 INFO o.a.j.JMeter: PWD       =/Users/riveryoyo/Downloads/apache-jmeter-5.5/bin
2022-12-30 22:45:04,854 INFO o.a.j.JMeter: IP: 192.168.1.4 Name: riveryoyodeMacBook-Pro.local FullName: 192.168.1.4
2022-12-30 22:45:04,864 INFO o.a.j.JMeter: Loaded icon properties from org/apache/jmeter/images/icon.properties
2022-12-30 22:45:05,109 INFO o.a.j.JMeterGuiLauncher: Setting LAF to: com.github.weisj.darklaf.DarkLaf:com.github.weisj.darklaf.theme.IntelliJTheme
2022-12-30 22:45:17,053 INFO o.a.j.s.FileServer: Default base='/Users/riveryoyo/Downloads/apache-jmeter-5.5/bin'
2022-12-30 22:45:17,055 INFO o.a.j.g.a.Load: Loading file: /Users/riveryoyo/Downloads/查看结果树.jmx
2022-12-30 22:45:17,055 INFO o.a.j.s.FileServer: Set new base='/Users/riveryoyo/Downloads'
2022-12-30 22:45:17,136 INFO o.a.j.s.SaveService: Testplan (JMX) version: 2.2. Testlog (JTL) version: 2.2
2022-12-30 22:45:17,148 INFO o.a.j.s.SaveService: Using SaveService properties version 5.0
2022-12-30 22:45:17,149 INFO o.a.j.s.SaveService: Using SaveService properties file encoding UTF-8
2022-12-30 22:45:17,149 INFO o.a.j.s.SaveService: Loading file: /Users/riveryoyo/Downloads/查看结果树.jmx
2022-12-30 22:45:17,158 INFO o.a.j.p.h.c.CookieManager: Settings: Delete null: true Check: true Allow variable: true Save: false Prefix: COOKIE_
2022-12-30 22:45:17,160 INFO o.a.j.p.h.s.HTTPSamplerBase: Parser for text/html is org.apache.jmeter.protocol.http.parser.LagartoBasedHtmlParser
2022-12-30 22:45:17,160 INFO o.a.j.p.h.s.HTTPSamplerBase: Parser for application/xhtml+xml is org.apache.jmeter.protocol.http.parser.LagartoBasedHtmlParser
2022-12-30 22:45:17,161 INFO o.a.j.p.h.s.HTTPSamplerBase: Parser for application/xml is org.apache.jmeter.protocol.http.parser.LagartoBasedHtmlParser
2022-12-30 22:45:17,161 INFO o.a.j.p.h.s.HTTPSamplerBase: Parser for text/xml is org.apache.jmeter.protocol.http.parser.LagartoBasedHtmlParser
2022-12-30 22:45:17,161 INFO o.a.j.p.h.s.HTTPSamplerBase: Parser for text/vnd.wap.wml is org.apache.jmeter.protocol.http.parser.RegexpHTMLParser
2022-12-30 22:45:17,161 INFO o.a.j.p.h.s.HTTPSamplerBase: Parser for text/css is org.apache.jmeter.protocol.http.parser.CssParser
2022-12-30 22:45:17,359 INFO o.a.j.s.SampleResult: Note: Sample TimeStamps are START times
2022-12-30 22:45:17,359 INFO o.a.j.s.SampleResult: sampleresult.default.encoding is set to ISO-8859-1
2022-12-30 22:45:17,359 INFO o.a.j.s.SampleResult: sampleresult.useNanoTime=true
2022-12-30 22:45:17,359 INFO o.a.j.s.SampleResult: sampleresult.nanoThreadSleep=5000
2022-12-30 22:45:17,419 INFO o.a.j.v.ViewResultsFullVisualizer: Add JavaFX to your Java installation if you want to use renderer: org.apache.jmeter.visualizers.RenderInBrowser
2022-12-30 22:45:17,460 INFO o.a.j.s.FileServer: Set new base='/Users/riveryoyo/Downloads'
2022-12-30 22:45:25,416 INFO o.a.j.e.StandardJMeterEngine: Running the test!
2022-12-30 22:45:25,417 INFO o.a.j.s.SampleEvent: List of sample_variables: []
2022-12-30 22:45:25,417 INFO o.a.j.s.SampleEvent: List of sample_variables: []
2022-12-30 22:45:25,418 INFO o.a.j.e.u.CompoundVariable: Note: Function class names must contain the string: '.functions.'
2022-12-30 22:45:25,418 INFO o.a.j.e.u.CompoundVariable: Note: Function class names must not contain the string: '.gui.'
2022-12-30 22:45:25,435 INFO o.a.j.t.TestPlan: added C:\Users\Administrator\Downloads\mysql-connector-java-8.0.30\mysql-connector-java-8.0.30.jar to classpath
2022-12-30 22:45:25,444 INFO o.a.j.g.u.JMeterMenuBar: setRunning(true, *local*)
2022-12-30 22:45:25,462 INFO o.a.j.e.StandardJMeterEngine: Starting ThreadGroup: 1 : 线程组
2022-12-30 22:45:25,463 INFO o.a.j.e.StandardJMeterEngine: Starting 1 threads for group 线程组.
2022-12-30 22:45:25,463 INFO o.a.j.e.StandardJMeterEngine: Thread will continue on error
2022-12-30 22:45:25,463 INFO o.a.j.t.ThreadGroup: Starting thread group... number=1 threads=1 ramp-up=1 delayedStart=false
2022-12-30 22:45:25,465 INFO o.a.j.t.ThreadGroup: Started thread group number 1
2022-12-30 22:45:25,465 INFO o.a.j.e.StandardJMeterEngine: All thread groups have been started
2022-12-30 22:45:25,465 INFO o.a.j.t.JMeterThread: Thread started: 线程组 1-1
2022-12-30 22:45:25,470 INFO o.a.j.p.h.s.HTTPHCAbstractImpl: Local host = riveryoyodeMacBook-Pro.local
2022-12-30 22:45:25,473 INFO o.a.j.p.h.s.HTTPHC4Impl: HTTP request retry count = 0
2022-12-30 22:45:25,514 INFO o.a.j.p.h.s.h.LazyLayeredConnectionSocketFactory: Setting up HTTPS TrustAll Socket Factory
2022-12-30 22:45:25,515 INFO o.a.j.u.JsseSSLManager: Using default SSL protocol: TLS
2022-12-30 22:45:25,515 INFO o.a.j.u.JsseSSLManager: SSL session context: per-thread
2022-12-30 22:45:25,565 INFO o.a.j.u.SSLManager: JmeterKeyStore Location:  type JKS
2022-12-30 22:45:25,567 INFO o.a.j.u.SSLManager: KeyStore created OK
2022-12-30 22:45:25,567 WARN o.a.j.u.SSLManager: Keystore file not found, loading empty keystore
2022-12-30 22:45:26,289 INFO o.a.j.s.FileServer: Stored: C:\Users\Administrator\Desktop\123.jpg
2022-12-30 22:45:26,300 INFO o.a.j.t.JMeterThread: Thread is done: 线程组 1-1
2022-12-30 22:45:26,300 INFO o.a.j.t.JMeterThread: Thread finished: 线程组 1-1
2022-12-30 22:45:26,300 INFO o.a.j.e.StandardJMeterEngine: Notifying test listeners of end of test
2022-12-30 22:45:26,300 INFO o.a.j.g.u.JMeterMenuBar: setRunning(false, *local*)
2022-12-30 22:46:44,566 INFO o.a.j.e.StandardJMeterEngine: Running the test!
2022-12-30 22:46:44,567 INFO o.a.j.s.SampleEvent: List of sample_variables: []
2022-12-30 22:46:44,568 INFO o.a.j.t.TestPlan: added C:\Users\Administrator\Downloads\mysql-connector-java-8.0.30\mysql-connector-java-8.0.30.jar to classpath
2022-12-30 22:46:44,568 INFO o.a.j.g.u.JMeterMenuBar: setRunning(true, *local*)
2022-12-30 22:46:44,588 INFO o.a.j.e.StandardJMeterEngine: Starting ThreadGroup: 1 : 线程组
2022-12-30 22:46:44,589 INFO o.a.j.e.StandardJMeterEngine: Starting 1 threads for group 线程组.
2022-12-30 22:46:44,589 INFO o.a.j.e.StandardJMeterEngine: Thread will continue on error
2022-12-30 22:46:44,589 INFO o.a.j.t.ThreadGroup: Starting thread group... number=1 threads=1 ramp-up=1 delayedStart=false
2022-12-30 22:46:44,591 INFO o.a.j.t.ThreadGroup: Started thread group number 1
2022-12-30 22:46:44,591 INFO o.a.j.e.StandardJMeterEngine: All thread groups have been started
2022-12-30 22:46:44,591 INFO o.a.j.t.JMeterThread: Thread started: 线程组 1-1
2022-12-30 22:46:45,207 INFO o.a.j.s.FileServer: Stored: C:\Users\Administrator\Desktop\123.jpg
2022-12-30 22:46:45,213 INFO o.a.j.t.JMeterThread: Thread is done: 线程组 1-1
2022-12-30 22:46:45,213 INFO o.a.j.t.JMeterThread: Thread finished: 线程组 1-1
2022-12-30 22:46:45,213 INFO o.a.j.e.StandardJMeterEngine: Notifying test listeners of end of test
2022-12-30 22:46:45,213 INFO o.a.j.g.u.JMeterMenuBar: setRunning(false, *local*)
